<?xml version="1.0" encoding="utf-8"?><testsuites name="pytest tests"><testsuite name="pytest" errors="0" failures="0" skipped="0" tests="37" time="163.133" timestamp="2026-05-22T04:35:02.690373+00:00" hostname="agent-env-e7de85f1-36da-4b11-915d-68541536d16f"><testcase classname="tests.backend_test.TestHealth" name="test_health_check" time="0.187" /><testcase classname="tests.backend_test.TestAuth" name="test_login_applicant" time="1.654" /><testcase classname="tests.backend_test.TestAuth" name="test_login_evaluator" time="1.606" /><testcase classname="tests.backend_test.TestAuth" name="test_login_admin" time="1.580" /><testcase classname="tests.backend_test.TestAuth" name="test_login_invalid" time="1.583" /><testcase classname="tests.backend_test.TestAuth" name="test_register_new_applicant" time="2.334" /><testcase classname="tests.backend_test.TestAuth" name="test_me_with_token" time="2.889" /><testcase classname="tests.backend_test.TestAuth" name="test_me_without_token" time="0.405" /><testcase classname="tests.backend_test.TestProgramsCurriculum" name="test_list_programs" time="5.661" /><testcase classname="tests.backend_test.TestProgramsCurriculum" name="test_list_curriculum_subjects" time="1.328" /><testcase classname="tests.backend_test.TestApplicationFlow" name="test_create_application" time="2.023" /><testcase classname="tests.backend_test.TestApplicationFlow" name="test_list_applications_applicant" time="6.473" /><testcase classname="tests.backend_test.TestApplicationFlow" name="test_add_work_experience" time="1.655" /><testcase classname="tests.backend_test.TestApplicationFlow" name="test_upload_document_psa" time="1.681" /><testcase classname="tests.backend_test.TestApplicationFlow" name="test_upload_document_job_description" time="1.779" /><testcase classname="tests.backend_test.TestApplicationFlow" name="test_submit_application" time="2.406" /><testcase classname="tests.backend_test.TestApplicationFlow" name="test_evaluator_sees_submitted_application" time="8.938" /><testcase classname="tests.backend_test.TestApplicationFlow" name="test_admin_sees_all_applications" time="9.662" /><testcase classname="tests.backend_test.TestMatchesPredictions" name="test_list_subject_matches_empty_initially" time="1.512" /><testcase classname="tests.backend_test.TestMatchesPredictions" name="test_get_predictions" time="1.844" /><testcase classname="tests.backend_test.TestDashboard" name="test_stats_applicant" time="2.231" /><testcase classname="tests.backend_test.TestDashboard" name="test_stats_evaluator" time="2.069" /><testcase classname="tests.backend_test.TestDashboard" name="test_stats_admin" time="2.428" /><testcase classname="tests.backend_test.TestAI" name="test_chat_message_unauth" time="8.716" /><testcase classname="tests.backend_test.TestAI" name="test_chat_message_real_ai_response_eteeap" time="11.511" /><testcase classname="tests.backend_test.TestAI" name="test_recommend_course" time="10.996" /><testcase classname="tests.backend_test.TestProcessApplication" name="test_create_second_application_for_processing" time="2.155" /><testcase classname="tests.backend_test.TestProcessApplication" name="test_add_work_experience_for_processing" time="1.682" /><testcase classname="tests.backend_test.TestProcessApplication" name="test_submit_application_for_processing" time="2.413" /><testcase classname="tests.backend_test.TestProcessApplication" name="test_process_application_succeeds" time="47.283" /><testcase classname="tests.backend_test.TestProcessApplication" name="test_subject_matches_have_source_field" time="1.662" /><testcase classname="tests.backend_test.TestProcessApplication" name="test_predictions_returns_semester_plan" time="1.854" /><testcase classname="tests.backend_test.TestMatchActions" name="test_approve_match" time="3.216" /><testcase classname="tests.backend_test.TestMatchActions" name="test_reject_match" time="1.693" /><testcase classname="tests.backend_test.TestMatchActions" name="test_flag_match_by_applicant" time="2.036" /><testcase classname="tests.backend_test.TestFinalize" name="test_finalize_application" time="2.379" /><testcase classname="tests.backend_test.TestFinalize" name="test_finalize_forbidden_for_applicant" time="1.501" /></testsuite></testsuites>