<?xml version="1.0" encoding="utf-8"?><testsuites name="pytest tests"><testsuite name="pytest" errors="0" failures="0" skipped="3" tests="30" time="57.093" timestamp="2026-05-22T04:20:33.308589+00:00" hostname="agent-env-e7de85f1-36da-4b11-915d-68541536d16f"><testcase classname="backend.tests.backend_test.TestHealth" name="test_health_check" time="0.306" /><testcase classname="backend.tests.backend_test.TestAuth" name="test_login_applicant" time="1.667" /><testcase classname="backend.tests.backend_test.TestAuth" name="test_login_evaluator" time="1.623" /><testcase classname="backend.tests.backend_test.TestAuth" name="test_login_admin" time="1.597" /><testcase classname="backend.tests.backend_test.TestAuth" name="test_login_invalid" time="1.596" /><testcase classname="backend.tests.backend_test.TestAuth" name="test_register_new_applicant" time="1.786" /><testcase classname="backend.tests.backend_test.TestAuth" name="test_me_with_token" time="2.892" /><testcase classname="backend.tests.backend_test.TestAuth" name="test_me_without_token" time="0.146" /><testcase classname="backend.tests.backend_test.TestProgramsCurriculum" name="test_list_programs" time="1.349" /><testcase classname="backend.tests.backend_test.TestProgramsCurriculum" name="test_list_curriculum_subjects" time="1.317" /><testcase classname="backend.tests.backend_test.TestApplicationFlow" name="test_create_application" time="2.065" /><testcase classname="backend.tests.backend_test.TestApplicationFlow" name="test_list_applications_applicant" time="2.208" /><testcase classname="backend.tests.backend_test.TestApplicationFlow" name="test_add_work_experience" time="1.721" /><testcase classname="backend.tests.backend_test.TestApplicationFlow" name="test_upload_document_psa" time="1.677" /><testcase classname="backend.tests.backend_test.TestApplicationFlow" name="test_upload_document_job_description" time="1.690" /><testcase classname="backend.tests.backend_test.TestApplicationFlow" name="test_submit_application" time="2.449" /><testcase classname="backend.tests.backend_test.TestApplicationFlow" name="test_evaluator_sees_submitted_application" time="3.819" /><testcase classname="backend.tests.backend_test.TestApplicationFlow" name="test_admin_sees_all_applications" time="5.321" /><testcase classname="backend.tests.backend_test.TestMatchesPredictions" name="test_list_subject_matches_empty_initially" time="1.550" /><testcase classname="backend.tests.backend_test.TestMatchesPredictions" name="test_get_predictions" time="1.850" /><testcase classname="backend.tests.backend_test.TestDashboard" name="test_stats_applicant" time="2.231" /><testcase classname="backend.tests.backend_test.TestDashboard" name="test_stats_evaluator" time="2.076" /><testcase classname="backend.tests.backend_test.TestDashboard" name="test_stats_admin" time="2.396" /><testcase classname="backend.tests.backend_test.TestAI" name="test_chat_message_unauth" time="1.831" /><testcase classname="backend.tests.backend_test.TestAI" name="test_recommend_course" time="1.431" /><testcase classname="backend.tests.backend_test.TestMatchActions" name="test_approve_match" time="1.479"><skipped type="pytest.skip" message="No subject match available to test approve">/app/backend/tests/backend_test.py:319: No subject match available to test approve</skipped></testcase><testcase classname="backend.tests.backend_test.TestMatchActions" name="test_reject_match" time="1.499"><skipped type="pytest.skip" message="No subject match available to test reject">/app/backend/tests/backend_test.py:327: No subject match available to test reject</skipped></testcase><testcase classname="backend.tests.backend_test.TestMatchActions" name="test_flag_match_by_applicant" time="1.479"><skipped type="pytest.skip" message="No subject match available to test flag">/app/backend/tests/backend_test.py:334: No subject match available to test flag</skipped></testcase><testcase classname="backend.tests.backend_test.TestFinalize" name="test_finalize_application" time="2.422" /><testcase classname="backend.tests.backend_test.TestFinalize" name="test_finalize_forbidden_for_applicant" time="1.481" /></testsuite></testsuites>